TN:
SF:/Users/bartels/Projects/SwProxy/swproxy-core/src/swproxy.js
FN:11,(anonymous_1)
FN:11,defineProperties
FN:11,(anonymous_3)
FN:13,_classCallCheck
FN:15,(anonymous_5)
FN:16,SwProxy
FN:26,(anonymous_7)
FN:29,(anonymous_8)
FN:32,(anonymous_9)
FN:49,registerMod
FN:73,addInstallRule
FN:85,addActivateRule
FN:97,addFetchRule
FN:106,onInstall
FN:122,onActivate
FN:145,onFetch
FN:166,callPromiseChain
FN:169,(anonymous_18)
FN:170,(anonymous_19)
FN:173,(anonymous_20)
FN:175,(anonymous_21)
FN:176,(anonymous_22)
FN:190,copyEvent
FN:194,(anonymous_24)
FN:200,(anonymous_25)
FN:203,(anonymous_26)
FN:223,filterRules
FN:224,(anonymous_28)
FNF:28
FNH:24
FNDA:1,(anonymous_1)
FNDA:1,defineProperties
FNDA:1,(anonymous_3)
FNDA:1,_classCallCheck
FNDA:1,(anonymous_5)
FNDA:1,SwProxy
FNDA:0,(anonymous_7)
FNDA:0,(anonymous_8)
FNDA:0,(anonymous_9)
FNDA:3,registerMod
FNDA:3,addInstallRule
FNDA:5,addActivateRule
FNDA:4,addFetchRule
FNDA:1,onInstall
FNDA:1,onActivate
FNDA:1,onFetch
FNDA:5,callPromiseChain
FNDA:16,(anonymous_18)
FNDA:14,(anonymous_19)
FNDA:5,(anonymous_20)
FNDA:4,(anonymous_21)
FNDA:4,(anonymous_22)
FNDA:5,copyEvent
FNDA:40,(anonymous_24)
FNDA:0,(anonymous_25)
FNDA:0,(anonymous_26)
FNDA:5,filterRules
FNDA:15,(anonymous_28)
DA:0,15
DA:6,1
DA:7,1
DA:8,1
DA:9,1
DA:10,1
DA:12,1
DA:13,1
DA:14,1
DA:25,3
DA:28,3
DA:29,1
DA:32,2
DA:33,1
DA:34,1
DA:37,1
DA:47,3
DA:57,5
DA:67,4
DA:74,1
DA:75,0
DA:78,1
DA:80,1
DA:81,1
DA:95,1
DA:96,0
DA:99,1
DA:101,1
DA:102,1
DA:109,1
DA:110,0
DA:113,1
DA:115,1
DA:116,1
DA:128,5
DA:130,5
DA:131,16
DA:132,14
DA:135,4
DA:146,5
DA:149,5
DA:150,5
DA:151,40
DA:155,5
DA:156,0
DA:157,0
DA:158,0
DA:159,0
DA:163,0
DA:166,5
DA:177,5
LF:51
LH:43
BRDA:11,1,0,10
BRDA:11,1,1,10
BRDA:11,2,0,10
BRDA:11,2,1,0
BRDA:11,3,0,1
BRDA:11,3,1,0
BRDA:11,4,0,0
BRDA:11,4,1,1
BRDA:13,5,0,0
BRDA:13,5,1,1
BRDA:53,6,0,1
BRDA:53,6,1,2
BRDA:57,7,0,1
BRDA:57,7,1,1
BRDA:107,8,0,0
BRDA:107,8,1,1
BRDA:130,9,0,0
BRDA:130,9,1,1
BRDA:146,10,0,0
BRDA:146,10,1,1
BRDA:195,11,0,0
BRDA:195,11,1,40
BRDA:195,12,0,40
BRDA:195,12,1,0
BRDA:199,13,0,0
BRDA:199,13,1,5
BRDA:204,14,0,0
BRDA:204,14,1,0
BRDA:204,15,0,0
BRDA:204,15,1,0
BRDA:225,16,0,15
BRDA:225,16,1,9
BRDA:225,16,2,8
BRF:33
BRH:23
end_of_record
