TN:
SF:/Users/bartels/Projects/SwProxy/swproxy-core/src/swproxy.js
FN:11,(anonymous_1)
FN:11,defineProperties
FN:11,(anonymous_3)
FN:13,_classCallCheck
FN:15,(anonymous_5)
FN:16,SwProxy
FN:26,(anonymous_7)
FN:29,(anonymous_8)
FN:32,(anonymous_9)
FN:49,registerMod
FN:73,addInstallRule
FN:85,addActivateRule
FN:99,addFetchRule
FN:110,onInstall
FN:120,(anonymous_15)
FN:121,(anonymous_16)
FN:124,(anonymous_17)
FN:126,(anonymous_18)
FN:128,(anonymous_19)
FN:139,onActivate
FN:149,(anonymous_21)
FN:150,(anonymous_22)
FN:153,(anonymous_23)
FN:155,(anonymous_24)
FN:157,(anonymous_25)
FN:168,onFetch
FN:178,(anonymous_27)
FN:179,(anonymous_28)
FN:182,(anonymous_29)
FN:184,(anonymous_30)
FN:186,(anonymous_31)
FN:201,filterRules
FN:202,(anonymous_33)
FNF:33
FNH:18
FNDA:1,(anonymous_1)
FNDA:1,defineProperties
FNDA:1,(anonymous_3)
FNDA:1,_classCallCheck
FNDA:1,(anonymous_5)
FNDA:1,SwProxy
FNDA:0,(anonymous_7)
FNDA:0,(anonymous_8)
FNDA:0,(anonymous_9)
FNDA:3,registerMod
FNDA:8,addInstallRule
FNDA:2,addActivateRule
FNDA:2,addFetchRule
FNDA:1,onInstall
FNDA:6,(anonymous_15)
FNDA:6,(anonymous_16)
FNDA:1,(anonymous_17)
FNDA:1,(anonymous_18)
FNDA:1,(anonymous_19)
FNDA:0,onActivate
FNDA:0,(anonymous_21)
FNDA:0,(anonymous_22)
FNDA:0,(anonymous_23)
FNDA:0,(anonymous_24)
FNDA:0,(anonymous_25)
FNDA:0,onFetch
FNDA:0,(anonymous_27)
FNDA:0,(anonymous_28)
FNDA:0,(anonymous_29)
FNDA:0,(anonymous_30)
FNDA:0,(anonymous_31)
FNDA:4,filterRules
FNDA:12,(anonymous_33)
DA:0,12
DA:6,1
DA:7,1
DA:8,1
DA:9,1
DA:10,1
DA:12,1
DA:13,1
DA:14,1
DA:26,3
DA:29,3
DA:30,1
DA:33,2
DA:34,1
DA:35,1
DA:38,1
DA:48,8
DA:58,2
DA:59,1
DA:70,2
DA:71,1
DA:79,1
DA:80,0
DA:83,1
DA:84,1
DA:87,1
DA:88,1
DA:89,6
DA:90,6
DA:93,1
DA:94,1
DA:102,0
DA:103,0
DA:106,0
DA:107,0
DA:110,0
DA:111,0
DA:112,0
DA:113,0
DA:116,0
DA:117,0
DA:125,0
DA:126,0
DA:129,0
DA:130,0
DA:133,0
DA:134,0
DA:135,0
DA:136,0
DA:139,0
DA:140,0
DA:152,4
LF:52
LH:31
BRDA:11,1,0,8
BRDA:11,1,1,8
BRDA:11,2,0,8
BRDA:11,2,1,0
BRDA:11,3,0,1
BRDA:11,3,1,0
BRDA:11,4,0,0
BRDA:11,4,1,1
BRDA:13,5,0,0
BRDA:13,5,1,1
BRDA:53,6,0,1
BRDA:53,6,1,2
BRDA:57,7,0,1
BRDA:57,7,1,1
BRDA:86,8,0,1
BRDA:86,8,1,1
BRDA:100,9,0,1
BRDA:100,9,1,1
BRDA:111,10,0,0
BRDA:111,10,1,1
BRDA:140,11,0,0
BRDA:140,11,1,0
BRDA:169,12,0,0
BRDA:169,12,1,0
BRDA:203,13,0,12
BRDA:203,13,1,10
BRDA:203,13,2,9
BRF:27
BRH:22
end_of_record
